# JRE version: Java(TM) SE Runtime Environment (17.0.14+8) (build 17.0.14+8-LTS-191)
# Java VM: Java HotSpot(TM) 64-Bit Server VM (17.0.14+8-LTS-191, mixed mode, sharing, tiered, compressed oops, compressed class ptrs, g1 gc, windows-amd64)
GC Precious Log:
 CPUs: 8 total, 8 available
 Memory: 7901M
 Large Page Support: Disabled
 NUMA Support: Disabled
 Compressed Oops: Enabled (32-bit)
 Heap Region Size: 1M
 Heap Min Capacity: 8M
 Heap Initial Capacity: 124M
 Heap Max Capacity: 1976M
 Pre-touch: Disabled
 Parallel Workers: 8
 Concurrent Workers: 2
 Concurrent Refinement Workers: 8
 Periodic GC: Disabled
Heap:
 garbage-first heap   total 68608K, used 49872K [0x0000000084800000, 0x0000000100000000)
  region size 1024K, 14 young (14336K), 2 survivors (2048K)
 Metaspace       used 50769K, committed 51456K, reserved 1114112K
  class space    used 6640K, committed 6976K, reserved 1048576K
GC Heap History (20 events):
Event: 19.006 GC heap before
{Heap before GC invocations=12 (full 0):
 garbage-first heap   total 65536K, used 42436K [0x0000000084800000, 0x0000000100000000)
  region size 1024K, 13 young (13312K), 4 survivors (4096K)
 Metaspace       used 37577K, committed 38016K, reserved 1114112K
  class space    used 4719K, committed 4928K, reserved 1048576K
}
Event: 19.011 GC heap after
{Heap after GC invocations=13 (full 0):
 garbage-first heap   total 65536K, used 36885K [0x0000000084800000, 0x0000000100000000)
  region size 1024K, 2 young (2048K), 2 survivors (2048K)
 Metaspace       used 37577K, committed 38016K, reserved 1114112K
  class space    used 4719K, committed 4928K, reserved 1048576K
}
Event: 20.593 GC heap before
{Heap before GC invocations=14 (full 0):
 garbage-first heap   total 65536K, used 47125K [0x0000000084800000, 0x0000000100000000)
  region size 1024K, 14 young (14336K), 2 survivors (2048K)
 Metaspace       used 39559K, committed 40064K, reserved 1114112K
  class space    used 5008K, committed 5248K, reserved 1048576K
}
Event: 20.598 GC heap after
{Heap after GC invocations=15 (full 0):
 garbage-first heap   total 65536K, used 34103K [0x0000000084800000, 0x0000000100000000)
  region size 1024K, 2 young (2048K), 2 survivors (2048K)
 Metaspace       used 39559K, committed 40064K, reserved 1114112K
  class space    used 5008K, committed 5248K, reserved 1048576K
}
Event: 20.673 GC heap before
{Heap before GC invocations=15 (full 0):
 garbage-first heap   total 65536K, used 35127K [0x0000000084800000, 0x0000000100000000)
  region size 1024K, 3 young (3072K), 2 survivors (2048K)
 Metaspace       used 39602K, committed 40064K, reserved 1114112K
  class space    used 5016K, committed 5248K, reserved 1048576K
}
Event: 20.676 GC heap after
{Heap after GC invocations=16 (full 0):
 garbage-first heap   total 65536K, used 33390K [0x0000000084800000, 0x0000000100000000)
  region size 1024K, 1 young (1024K), 1 survivors (1024K)
 Metaspace       used 39602K, committed 40064K, reserved 1114112K
  class space    used 5016K, committed 5248K, reserved 1048576K
}
Event: 22.755 GC heap before
{Heap before GC invocations=16 (full 0):
 garbage-first heap   total 65536K, used 47726K [0x0000000084800000, 0x0000000100000000)
  region size 1024K, 16 young (16384K), 1 survivors (1024K)
 Metaspace       used 41325K, committed 41856K, reserved 1114112K
  class space    used 5247K, committed 5504K, reserved 1048576K
}
Event: 22.759 GC heap after
{Heap after GC invocations=17 (full 0):
 garbage-first heap   total 65536K, used 34868K [0x0000000084800000, 0x0000000100000000)
  region size 1024K, 2 young (2048K), 2 survivors (2048K)
 Metaspace       used 41325K, committed 41856K, reserved 1114112K
  class space    used 5247K, committed 5504K, reserved 1048576K
}
Event: 24.762 GC heap before
{Heap before GC invocations=18 (full 0):
 garbage-first heap   total 65536K, used 50228K [0x0000000084800000, 0x0000000100000000)
  region size 1024K, 17 young (17408K), 2 survivors (2048K)
 Metaspace       used 43617K, committed 44160K, reserved 1114112K
  class space    used 5662K, committed 5888K, reserved 1048576K
}
Event: 24.767 GC heap after
{Heap after GC invocations=19 (full 0):
 garbage-first heap   total 65536K, used 36120K [0x0000000084800000, 0x0000000100000000)
  region size 1024K, 2 young (2048K), 2 survivors (2048K)
 Metaspace       used 43617K, committed 44160K, reserved 1114112K
  class space    used 5662K, committed 5888K, reserved 1048576K
}
Event: 24.774 GC heap before
{Heap before GC invocations=19 (full 0):
 garbage-first heap   total 65536K, used 37144K [0x0000000084800000, 0x0000000100000000)
  region size 1024K, 3 young (3072K), 2 survivors (2048K)
 Metaspace       used 43619K, committed 44160K, reserved 1114112K
  class space    used 5662K, committed 5888K, reserved 1048576K
}
Event: 24.777 GC heap after
{Heap after GC invocations=20 (full 0):
 garbage-first heap   total 65536K, used 35582K [0x0000000084800000, 0x0000000100000000)
  region size 1024K, 1 young (1024K), 1 survivors (1024K)
 Metaspace       used 43619K, committed 44160K, reserved 1114112K
  class space    used 5662K, committed 5888K, reserved 1048576K
}
Event: 25.509 GC heap before
{Heap before GC invocations=20 (full 0):
 garbage-first heap   total 65536K, used 50942K [0x0000000084800000, 0x0000000100000000)
  region size 1024K, 16 young (16384K), 1 survivors (1024K)
 Metaspace       used 44717K, committed 45248K, reserved 1114112K
  class space    used 5820K, committed 6080K, reserved 1048576K
}
Event: 25.512 GC heap after
{Heap after GC invocations=21 (full 0):
 garbage-first heap   total 65536K, used 36436K [0x0000000084800000, 0x0000000100000000)
  region size 1024K, 1 young (1024K), 1 survivors (1024K)
 Metaspace       used 44717K, committed 45248K, reserved 1114112K
  class space    used 5820K, committed 6080K, reserved 1048576K
}
Event: 26.759 GC heap before
{Heap before GC invocations=22 (full 0):
 garbage-first heap   total 65536K, used 51796K [0x0000000084800000, 0x0000000100000000)
  region size 1024K, 16 young (16384K), 1 survivors (1024K)
 Metaspace       used 46536K, committed 47104K, reserved 1114112K
  class space    used 6104K, committed 6400K, reserved 1048576K
}
Event: 26.763 GC heap after
{Heap after GC invocations=23 (full 0):
 garbage-first heap   total 65536K, used 37544K [0x0000000084800000, 0x0000000100000000)
  region size 1024K, 2 young (2048K), 2 survivors (2048K)
 Metaspace       used 46536K, committed 47104K, reserved 1114112K
  class space    used 6104K, committed 6400K, reserved 1048576K
}
Event: 26.813 GC heap before
{Heap before GC invocations=23 (full 0):
 garbage-first heap   total 65536K, used 38568K [0x0000000084800000, 0x0000000100000000)
  region size 1024K, 3 young (3072K), 2 survivors (2048K)
 Metaspace       used 46768K, committed 47296K, reserved 1114112K
  class space    used 6134K, committed 6400K, reserved 1048576K
}
Event: 26.819 GC heap after
{Heap after GC invocations=24 (full 0):
 garbage-first heap   total 65536K, used 37282K [0x0000000084800000, 0x0000000100000000)
  region size 1024K, 1 young (1024K), 1 survivors (1024K)
 Metaspace       used 46768K, committed 47296K, reserved 1114112K
  class space    used 6134K, committed 6400K, reserved 1048576K
}
Event: 28.895 GC heap before
{Heap before GC invocations=24 (full 0):
 garbage-first heap   total 65536K, used 50594K [0x0000000084800000, 0x0000000100000000)
  region size 1024K, 15 young (15360K), 1 survivors (1024K)
 Metaspace       used 48881K, committed 49536K, reserved 1114112K
  class space    used 6418K, committed 6784K, reserved 1048576K
}
Event: 28.902 GC heap after
{Heap after GC invocations=25 (full 0):
 garbage-first heap   total 65536K, used 38608K [0x0000000084800000, 0x0000000100000000)
  region size 1024K, 2 young (2048K), 2 survivors (2048K)
 Metaspace       used 48881K, committed 49536K, reserved 1114112K
  class space    used 6418K, committed 6784K, reserved 1048576K
}

